This is pdfTeX, Version 3.1415926-2.5-1.40.14 (MiKTeX 2.9 64-bit) (preloaded format=pdflatex 2015.2.10)  12 MAY 2015 15:25
entering extended mode
**mainfile.tex
(C:\Users\Alaina\Documents\Thesis\mainfile.tex
LaTeX2e <2011/06/27>
Babel <v3.8m> and hyphenation patterns for english, afrikaans, ancientgreek, ar
abic, armenian, assamese, basque, bengali, bokmal, bulgarian, catalan, coptic, 
croatian, czech, danish, dutch, esperanto, estonian, farsi, finnish, french, ga
lician, german, german-x-2013-05-26, greek, gujarati, hindi, hungarian, iceland
ic, indonesian, interlingua, irish, italian, kannada, kurmanji, latin, latvian,
 lithuanian, malayalam, marathi, mongolian, mongolianlmc, monogreek, ngerman, n
german-x-2013-05-26, nynorsk, oriya, panjabi, pinyin, polish, portuguese, roman
ian, russian, sanskrit, serbian, slovak, slovenian, spanish, swedish, swissgerm
an, tamil, telugu, turkish, turkmen, ukenglish, ukrainian, uppersorbian, usengl
ishmax, welsh, loaded.
("C:\Program Files\MiKTeX 2.9\tex\latex\base\latex209.def"
File: latex209.def 1998/05/13 v0.52 Standard LaTeX file


          Entering LaTeX 2.09 COMPATIBILITY MODE
 *************************************************************
    !!WARNING!!    !!WARNING!!    !!WARNING!!    !!WARNING!!   
 
 This mode attempts to provide an emulation of the LaTeX 2.09
 author environment so that OLD documents can be successfully
 processed. It should NOT be used for NEW documents!
 
 New documents should use Standard LaTeX conventions and start
 with the \documentclass command.
 
 Compatibility mode is UNLIKELY TO WORK with LaTeX 2.09 style
 files that change any internal macros, especially not with
 those that change the FONT SELECTION or OUTPUT ROUTINES.
 
 Therefore such style files MUST BE UPDATED to use
          Current Standard LaTeX: LaTeX2e.
 If you suspect that you may be using such a style file, which
 is probably very, very old by now, then you should attempt to
 get it updated by sending a copy of this error message to the
 author of that file.
 *************************************************************

\footheight=\dimen102
\@maxsep=\dimen103
\@dblmaxsep=\dimen104
\@cla=\count79
\@clb=\count80
\mscount=\count81
("C:\Program Files\MiKTeX 2.9\tex\latex\base\tracefnt.sty"
Package: tracefnt 1997/05/29 v3.0j Standard LaTeX package (font tracing)
\tracingfonts=\count82
LaTeX Info: Redefining \selectfont on input line 101.
)
\symbold=\mathgroup4
\symsans=\mathgroup5
\symtypewriter=\mathgroup6
\symitalic=\mathgroup7
\symsmallcaps=\mathgroup8
\symslanted=\mathgroup9
LaTeX Font Info:    Redeclaring math alphabet \mathbf on input line 293.
LaTeX Font Info:    Redeclaring math alphabet \mathsf on input line 294.
LaTeX Font Info:    Redeclaring math alphabet \mathtt on input line 295.
LaTeX Font Info:    Redeclaring math alphabet \mathit on input line 301.
LaTeX Info: Redefining \em on input line 311.

("C:\Program Files\MiKTeX 2.9\tex\latex\base\latexsym.sty"
Package: latexsym 1998/08/17 v2.2e Standard LaTeX package (lasy symbols)
\symlasy=\mathgroup10
LaTeX Font Info:    Overwriting symbol font `lasy' in version `bold'
(Font)                  U/lasy/m/n --> U/lasy/b/n on input line 47.
)
LaTeX Font Info:    Redeclaring math delimiter \lgroup on input line 375.
LaTeX Font Info:    Redeclaring math delimiter \rgroup on input line 377.
LaTeX Font Info:    Redeclaring math delimiter \bracevert on input line 379.
)
("C:\Program Files\MiKTeX 2.9\tex\latex\base\report.cls"
Document Class: report 2007/10/19 v1.4h Standard LaTeX document class
("C:\Program Files\MiKTeX 2.9\tex\latex\base\size10.clo"
File: size10.clo 2007/10/19 v1.4h Standard LaTeX file (size option)
)
\c@part=\count83
\c@chapter=\count84
\c@section=\count85
\c@subsection=\count86
\c@subsubsection=\count87
\c@paragraph=\count88
\c@subparagraph=\count89
\c@figure=\count90
\c@table=\count91
\abovecaptionskip=\skip41
\belowcaptionskip=\skip42
Compatibility mode: definition of \rm ignored.
Compatibility mode: definition of \sf ignored.
Compatibility mode: definition of \tt ignored.
Compatibility mode: definition of \bf ignored.
Compatibility mode: definition of \it ignored.
Compatibility mode: definition of \sl ignored.
Compatibility mode: definition of \sc ignored.
LaTeX Info: Redefining \cal on input line 586.
LaTeX Info: Redefining \mit on input line 587.
\bibindent=\dimen105
)
("C:\Program Files\MiKTeX 2.9\tex\latex\eepic\epic.sty"
Enhancements to Picture Environment. Version 1.2 - Released June 1, 1986
\@@multicnt=\count92
\d@lta=\count93
\@delta=\dimen106
\@@delta=\dimen107
\@gridcnt=\count94
\@joinkind=\count95
\@dotgap=\dimen108
\@ddotgap=\dimen109
\@x@diff=\count96
\@y@diff=\count97
\x@diff=\dimen110
\y@diff=\dimen111
\@dotbox=\box26
\num@segments=\count98
\num@segmentsi=\count99
\@datafile=\read1
) ("C:\Program Files\MiKTeX 2.9\tex\latex\eepic\eepic.sty"
Extension to Epic and LaTeX. Version 1.1e - Released Dec 21, 1999
\@gphlinewidth=\count100
\@eepictcnt=\count101
\@tempdimc=\dimen112
\maxovaldiam=\dimen113
\@filltype=\box27
) ("C:\Program Files\MiKTeX 2.9\tex\latex\graphics\graphicx.sty"
Package: graphicx 1999/02/16 v1.0f Enhanced LaTeX Graphics (DPC,SPQR)

("C:\Program Files\MiKTeX 2.9\tex\latex\graphics\keyval.sty"
Package: keyval 1999/03/16 v1.13 key=value parser (DPC)
\KV@toks@=\toks14
)
("C:\Program Files\MiKTeX 2.9\tex\latex\graphics\graphics.sty"
Package: graphics 2009/02/05 v1.0o Standard LaTeX Graphics (DPC,SPQR)

("C:\Program Files\MiKTeX 2.9\tex\latex\graphics\trig.sty"
Package: trig 1999/03/16 v1.09 sin cos tan (DPC)
)
("C:\Program Files\MiKTeX 2.9\tex\latex\00miktex\graphics.cfg"
File: graphics.cfg 2007/01/18 v1.5 graphics configuration of teTeX/TeXLive
)
Package graphics Info: Driver file: pdftex.def on input line 91.

("C:\Program Files\MiKTeX 2.9\tex\latex\pdftex-def\pdftex.def"
File: pdftex.def 2011/05/27 v0.06d Graphics/color for pdfTeX

("C:\Program Files\MiKTeX 2.9\tex\generic\oberdiek\infwarerr.sty"
Package: infwarerr 2010/04/08 v1.3 Providing info/warning/error messages (HO)
)
("C:\Program Files\MiKTeX 2.9\tex\generic\oberdiek\ltxcmds.sty"
Package: ltxcmds 2011/11/09 v1.22 LaTeX kernel commands for general use (HO)
)
\Gread@gobject=\count102
))
\Gin@req@height=\dimen114
\Gin@req@width=\dimen115
)
("C:\Program Files\MiKTeX 2.9\tex\latex\cite\cite.sty"
LaTeX Info: Redefining \cite on input line 302.
LaTeX Info: Redefining \nocite on input line 332.
Package: cite 2015/02/27  v 5.5
)
("C:\Program Files\MiKTeX 2.9\tex\latex\amsmath\amsmath.sty"
Package: amsmath 2013/01/14 v2.14 AMS math features
\@mathmargin=\skip43

For additional information on amsmath, use the `?' option.
("C:\Program Files\MiKTeX 2.9\tex\latex\amsmath\amstext.sty"
Package: amstext 2000/06/29 v2.01

("C:\Program Files\MiKTeX 2.9\tex\latex\amsmath\amsgen.sty"
File: amsgen.sty 1999/11/30 v2.0
\@emptytoks=\toks15
\ex@=\dimen116
))
("C:\Program Files\MiKTeX 2.9\tex\latex\amsmath\amsbsy.sty"
Package: amsbsy 1999/11/29 v1.2d
\pmbraise@=\dimen117
)
("C:\Program Files\MiKTeX 2.9\tex\latex\amsmath\amsopn.sty"
Package: amsopn 1999/12/14 v2.01 operator names
)
\inf@bad=\count103
LaTeX Info: Redefining \frac on input line 210.
\uproot@=\count104
\leftroot@=\count105
LaTeX Info: Redefining \overline on input line 306.
\classnum@=\count106
\DOTSCASE@=\count107
LaTeX Info: Redefining \ldots on input line 378.
LaTeX Info: Redefining \dots on input line 381.
LaTeX Info: Redefining \cdots on input line 466.
\Mathstrutbox@=\box28
\strutbox@=\box29
\big@size=\dimen118
LaTeX Font Info:    Redeclaring font encoding OML on input line 566.
LaTeX Font Info:    Redeclaring font encoding OMS on input line 567.
\macc@depth=\count108
\c@MaxMatrixCols=\count109
\dotsspace@=\muskip10
\c@parentequation=\count110
\dspbrk@lvl=\count111
\tag@help=\toks16
\row@=\count112
\column@=\count113
\maxfields@=\count114
\andhelp@=\toks17
\eqnshift@=\dimen119
\alignsep@=\dimen120
\tagshift@=\dimen121
\tagwidth@=\dimen122
\totwidth@=\dimen123
\lineht@=\dimen124
\@envbody=\toks18
\multlinegap=\skip44
\multlinetaggap=\skip45
\mathdisplay@stack=\toks19
LaTeX Info: Redefining \[ on input line 2665.
LaTeX Info: Redefining \] on input line 2666.
)
("C:\Program Files\MiKTeX 2.9\tex\latex\caption\caption.sty"
Package: caption 2013/05/02 v3.3-89 Customizing captions (AR)

("C:\Program Files\MiKTeX 2.9\tex\latex\caption\caption3.sty"
Package: caption3 2013/05/02 v1.6-88 caption3 kernel (AR)
Package caption3 Info: TeX engine: e-TeX on input line 57.
\captionmargin=\dimen125
\captionmargin@=\dimen126
\captionwidth=\dimen127
\caption@tempdima=\dimen128
\caption@indent=\dimen129
\caption@parindent=\dimen130
\caption@hangindent=\dimen131
)
\c@ContinuedFloat=\count115
)
("C:\Program Files\MiKTeX 2.9\tex\latex\caption\subcaption.sty"
Package: subcaption 2013/02/03 v1.1-62 Sub-captions (AR)
\c@subfigure=\count116
\c@subtable=\count117
)
("C:\Program Files\MiKTeX 2.9\tex\latex\algorithms\algorithm.sty"
Package: algorithm 2009/08/24 v0.1 Document Style `algorithm' - floating enviro
nment

("C:\Program Files\MiKTeX 2.9\tex\latex\float\float.sty"
Package: float 2001/11/08 v1.3d Float enhancements (AL)
\c@float@type=\count118
\float@exts=\toks20
\float@box=\box30
\@float@everytoks=\toks21
\@floatcapt=\box31
)
("C:\Program Files\MiKTeX 2.9\tex\latex\base\ifthen.sty"
Package: ifthen 2001/05/26 v1.1c Standard LaTeX ifthen package (DPC)
)
\@float@every@algorithm=\toks22
\c@algorithm=\count119
)
("C:\Program Files\MiKTeX 2.9\tex\latex\algorithmicx\algorithmicx.sty"
Package: algorithmicx 2005/04/27 v1.2 Algorithmicx

Document Style algorithmicx 1.2 - a greatly improved `algorithmic' style
\c@ALG@line=\count120
\c@ALG@rem=\count121
\c@ALG@nested=\count122
\ALG@tlm=\skip46
\ALG@thistlm=\skip47
\c@ALG@Lnr=\count123
\c@ALG@blocknr=\count124
\c@ALG@storecount=\count125
\c@ALG@tmpcounter=\count126
\ALG@tmplength=\skip48
) ("C:\Program Files\MiKTeX 2.9\tex\latex\algorithmicx\algpseudocode.sty"
Package: algpseudocode 

Document Style - pseudocode environments for use with the `algorithmicx' style
) ("C:\Program Files\MiKTeX 2.9\tex\latex\tools\longtable.sty"
Package: longtable 2004/02/01 v4.11 Multi-page Table package (DPC)
\LTleft=\skip49
\LTright=\skip50
\LTpre=\skip51
\LTpost=\skip52
\LTchunksize=\count127
\LTcapwidth=\dimen132
\LT@head=\box32
\LT@firsthead=\box33
\LT@foot=\box34
\LT@lastfoot=\box35
\LT@cols=\count128
\LT@rows=\count129
\c@LT@tables=\count130
\c@LT@chunks=\count131
\LT@p@ftn=\toks23
)
("C:\Program Files\MiKTeX 2.9\tex\latex\appendix\appendix.sty"
Package: appendix 2009/09/02 v1.2b extra appendix facilities
\c@@pps=\count132
\c@@ppsavesec=\count133
\c@@ppsaveapp=\count134
)
("C:\Program Files\MiKTeX 2.9\tex\latex\url\url.sty"
\Urlmuskip=\muskip11
Package: url 2013/09/16  ver 3.4  Verb mode for urls, etc.
)
("C:\Program Files\MiKTeX 2.9\tex\latex\listings\listings.sty"
\lst@mode=\count135
\lst@gtempboxa=\box36
\lst@token=\toks24
\lst@length=\count136
\lst@currlwidth=\dimen133
\lst@column=\count137
\lst@pos=\count138
\lst@lostspace=\dimen134
\lst@width=\dimen135
\lst@newlines=\count139
\lst@lineno=\count140
\lst@maxwidth=\dimen136

("C:\Program Files\MiKTeX 2.9\tex\latex\listings\lstmisc.sty"
File: lstmisc.sty 2014/09/06 1.5e (Carsten Heinz)
\c@lstnumber=\count141
\lst@skipnumbers=\count142
\lst@framebox=\box37
)
("C:\Program Files\MiKTeX 2.9\tex\latex\listings\listings.cfg"
File: listings.cfg 2014/09/06 1.5e listings configuration
))
Package: listings 2014/09/06 1.5e (Carsten Heinz)

("C:\Program Files\MiKTeX 2.9\tex\generic\epsf\epsf.tex"
This is `epsf.tex' v2.7.4 <14 February 2011>
\epsffilein=\read2
\epsfframemargin=\dimen137
\epsfframethickness=\dimen138
\epsfrsize=\dimen139
\epsftmp=\dimen140
\epsftsize=\dimen141
\epsfxsize=\dimen142
\epsfysize=\dimen143
\pspoints=\dimen144
)
\c@theorem=\count143
\c@definition=\count144
\c@lemma=\count145
\c@remark=\count146
\c@example=\count147
\c@assumption=\count148
 (C:\Users\Alaina\Documents\Thesis\mainfile.aux
(C:\Users\Alaina\Documents\Thesis\Roman\publications.aux)
(C:\Users\Alaina\Documents\Thesis\Roman\acknowledgements.aux)
(C:\Users\Alaina\Documents\Thesis\abstract.aux)
(C:\Users\Alaina\Documents\Thesis\Chapters\introduction.aux)
(C:\Users\Alaina\Documents\Thesis\Chapters\survey.aux)
(C:\Users\Alaina\Documents\Thesis\Chapters\kinematics.aux)
(C:\Users\Alaina\Documents\Thesis\Chapters\hardware.aux)
(C:\Users\Alaina\Documents\Thesis\Chapters\imageprocessing.aux)
(C:\Users\Alaina\Documents\Thesis\Chapters\IMP.aux

LaTeX Warning: Label `fig:mount' multiply defined.

) (C:\Users\Alaina\Documents\Thesis\Chapters\pathplanning.aux

LaTeX Warning: Label `alg:cam' multiply defined.

) (C:\Users\Alaina\Documents\Thesis\Chapters\modeling.aux)
(C:\Users\Alaina\Documents\Thesis\Chapters\results.aux

LaTeX Warning: Label `fig:images' multiply defined.

) (C:\Users\Alaina\Documents\Thesis\Chapters\conclusion.aux)
(C:\Users\Alaina\Documents\Thesis\Chapters\appendix.aux)
(C:\Users\Alaina\Documents\Thesis\Chapters\bibliography.aux

LaTeX Warning: Label `darpa1' multiply defined.


LaTeX Warning: Label `darpa1' multiply defined.


LaTeX Warning: Label `zmp_human1' multiply defined.


LaTeX Warning: Label `zmp_human1' multiply defined.


LaTeX Warning: Label `zmp_human1' multiply defined.

))
LaTeX Font Info:    Checking defaults for OML/cmm/m/it on input line 30.
LaTeX Font Info:    ... okay on input line 30.
LaTeX Font Info:    Checking defaults for T1/cmr/m/n on input line 30.
LaTeX Font Info:    ... okay on input line 30.
LaTeX Font Info:    Checking defaults for OT1/cmr/m/n on input line 30.
LaTeX Font Info:    ... okay on input line 30.
LaTeX Font Info:    Checking defaults for OMS/cmsy/m/n on input line 30.
LaTeX Font Info:    ... okay on input line 30.
LaTeX Font Info:    Checking defaults for OMX/cmex/m/n on input line 30.
LaTeX Font Info:    ... okay on input line 30.
LaTeX Font Info:    Checking defaults for U/cmr/m/n on input line 30.
LaTeX Font Info:    ... okay on input line 30.
 ("C:\Program Files\MiKTeX 2.9\tex\context\base\supp-pdf.mkii"
[Loading MPS to PDF converter (version 2006.09.02).]
\scratchcounter=\count149
\scratchdimen=\dimen145
\scratchbox=\box38
\nofMPsegments=\count150
\nofMParguments=\count151
\everyMPshowfont=\toks25
\MPscratchCnt=\count152
\MPscratchDim=\dimen146
\MPnumerator=\count153
\makeMPintoPDFobject=\count154
\everyMPtoPDFconversion=\toks26
)
Package caption Info: Begin \AtBeginDocument code.
Package caption Info: float package is loaded.
Package caption Info: listings package is loaded.
Package caption Info: longtable package is loaded.
 ("C:\Program Files\MiKTeX 2.9\tex\latex\caption\ltcaption.sty"
Package: ltcaption 2013/02/03 v1.3-62 longtable captions (AR)
)
Package caption Info: End \AtBeginDocument code.
\c@lstlisting=\count155
LaTeX Font Info:    Try loading font information for U+lasy on input line 33.

("C:\Program Files\MiKTeX 2.9\tex\latex\base\ulasy.fd"
File: ulasy.fd 1998/08/17 v2.2e LaTeX symbol font definitions
) [0

{C:/ProgramData/MiKTeX/2.9/pdftex/config/pdftex.map}]
No file ./Roman/publications.tex.
No file ./Roman/acknowledgements.tex.
(C:\Users\Alaina\Documents\Thesis\abstract.tex [0





])
(C:\Users\Alaina\Documents\Thesis\mainfile.toc [1


])
\tf@toc=\write3
 [2]
(C:\Users\Alaina\Documents\Thesis\mainfile.lof)
\tf@lof=\write4
 [3

]
(C:\Users\Alaina\Documents\Thesis\mainfile.lot)
\tf@lot=\write5
 [4

]
(C:\Users\Alaina\Documents\Thesis\Chapters\introduction.tex
Chapter 1.
) [1


] [2] (C:\Users\Alaina\Documents\Thesis\Chapters\survey.tex
Chapter 2.
[3



] [4] [5] [6]) [7] (C:\Users\Alaina\Documents\Thesis\Chapters\kinematics.tex
Chapter 3.
<./Images/kinematics/armdrawing.jpg, id=54, 369.63094pt x 237.13594pt>
File: ./Images/kinematics/armdrawing.jpg Graphic file (type jpg)

<use ./Images/kinematics/armdrawing.jpg>
Package pdftex.def Info: ./Images/kinematics/armdrawing.jpg used on input line 
6.
(pdftex.def)             Requested size: 216.81pt x 139.09483pt.

<./Images/kinematics/manipulatoraxis.png, id=55, 268.75406pt x 121.20282pt>
File: ./Images/kinematics/manipulatoraxis.png Graphic file (type png)

<use ./Images/kinematics/manipulatoraxis.png>
Package pdftex.def Info: ./Images/kinematics/manipulatoraxis.png used on input 
line 16.
(pdftex.def)             Requested size: 216.81pt x 97.77795pt.
 [8



 <C:/Users/Alaina/Documents/Thesis/Images/kinematics/armdrawing.jpg>] [9 <C:/Us
ers/Alaina/Documents/Thesis/Images/kinematics/manipulatoraxis.png>]
<./Images/kinematics/xyaxis.png, id=65, 164.11313pt x 162.6075pt>
File: ./Images/kinematics/xyaxis.png Graphic file (type png)

<use ./Images/kinematics/xyaxis.png>
Package pdftex.def Info: ./Images/kinematics/xyaxis.png used on input line 70.
(pdftex.def)             Requested size: 130.08731pt x 128.8952pt.

<./Images/kinematics/zprojection.png, id=66, 224.33812pt x 209.28188pt>
File: ./Images/kinematics/zprojection.png Graphic file (type png)

<use ./Images/kinematics/zprojection.png>
Package pdftex.def Info: ./Images/kinematics/zprojection.png used on input line
 76.
(pdftex.def)             Requested size: 130.08731pt x 121.3612pt.
 [10] [11 <C:/Users/Alaina/Documents/Thesis/Images/kinematics/xyaxis.png> <C:/U
sers/Alaina/Documents/Thesis/Images/kinematics/zprojection.png>]
<./Images/kinematics/workspace.jpg, id=75, 329.73187pt x 286.82156pt>
File: ./Images/kinematics/workspace.jpg Graphic file (type jpg)

<use ./Images/kinematics/workspace.jpg>
Package pdftex.def Info: ./Images/kinematics/workspace.jpg used on input line 1
04.
(pdftex.def)             Requested size: 216.81pt x 188.59818pt.
) [12 <C:/Users/Alaina/Documents/Thesis/Images/kinematics/workspace.jpg>]
(C:\Users\Alaina\Documents\Thesis\Chapters\hardware.tex
Chapter 4.
<./Images/hardware/actual.jpg, id=79, 919.435pt x 1638.12pt>
File: ./Images/hardware/actual.jpg Graphic file (type jpg)

<use ./Images/hardware/actual.jpg>
Package pdftex.def Info: ./Images/hardware/actual.jpg used on input line 6.
(pdftex.def)             Requested size: 121.67725pt x 216.81pt.

<./Images/hardware/maindiag.jpg, id=80, 529.22719pt x 292.09125pt>
File: ./Images/hardware/maindiag.jpg Graphic file (type jpg)

<use ./Images/hardware/maindiag.jpg>
Package pdftex.def Info: ./Images/hardware/maindiag.jpg used on input line 13.
(pdftex.def)             Requested size: 303.53267pt x 167.52774pt.


LaTeX Warning: `h' float specifier changed to `ht'.

[13



 <C:/Users/Alaina/Documents/Thesis/Images/hardware/actual.jpg>]
<./Images/hardware/diagram.jpg, id=85, 331.99031pt x 190.46156pt>
File: ./Images/hardware/diagram.jpg Graphic file (type jpg)

<use ./Images/hardware/diagram.jpg>
Package pdftex.def Info: ./Images/hardware/diagram.jpg used on input line 23.
(pdftex.def)             Requested size: 260.17464pt x 149.26851pt.

Overfull \hbox (48.88582pt too wide) in alignment at lines 30--36
 [] [] 
 []


Overfull \hbox (48.88582pt too wide) in alignment at lines 36--41
 [] [] 
 []


Underfull \hbox (badness 10000) in paragraph at lines 43--43
[]|\OT1/cmr/m/n/10 Baby
 []


Overfull \hbox (48.88582pt too wide) in alignment at lines 41--59
 [] [] 
 []

[14 <C:/Users/Alaina/Documents/Thesis/Images/hardware/maindiag.jpg> <C:/Users/A
laina/Documents/Thesis/Images/hardware/diagram.jpg>]
<./Images/hardware/circuit.jpg, id=89, 463.7325pt x 335.00156pt>
File: ./Images/hardware/circuit.jpg Graphic file (type jpg)

<use ./Images/hardware/circuit.jpg>
Package pdftex.def Info: ./Images/hardware/circuit.jpg used on input line 67.
(pdftex.def)             Requested size: 130.08731pt x 93.97359pt.
 [15 <C:/Users/Alaina/Documents/Thesis/Images/hardware/circuit.jpg>]
<./Images/hardware/gripper.jpg, id=93, 383.93437pt x 316.93407pt>
File: ./Images/hardware/gripper.jpg Graphic file (type jpg)

<use ./Images/hardware/gripper.jpg>
Package pdftex.def Info: ./Images/hardware/gripper.jpg used on input line 81.
(pdftex.def)             Requested size: 173.44534pt x 143.17998pt.
) [16 <C:/Users/Alaina/Documents/Thesis/Images/hardware/gripper.jpg>]
(C:\Users\Alaina\Documents\Thesis\Chapters\imageprocessing.tex
Chapter 5.
[17



] [18] [19]
<./Images/imageprocessing/armcoord.jpg, id=107, 251.43938pt x 355.3275pt>
File: ./Images/imageprocessing/armcoord.jpg Graphic file (type jpg)

<use ./Images/imageprocessing/armcoord.jpg>
Package pdftex.def Info: ./Images/imageprocessing/armcoord.jpg used on input li
ne 68.
(pdftex.def)             Requested size: 130.08731pt x 183.83337pt.
 [20 <C:/Users/Alaina/Documents/Thesis/Images/imageprocessing/armcoord.jpg>] [2
1]
<./Images/imageprocessing/origional.jpg, id=114, 642.4pt x 481.8pt>
File: ./Images/imageprocessing/origional.jpg Graphic file (type jpg)

<use ./Images/imageprocessing/origional.jpg>
Package pdftex.def Info: ./Images/imageprocessing/origional.jpg used on input l
ine 87.
(pdftex.def)             Requested size: 130.08731pt x 97.56396pt.

<./Images/imageprocessing/threshold.jpg, id=115, 642.4pt x 481.8pt>
File: ./Images/imageprocessing/threshold.jpg Graphic file (type jpg)

<use ./Images/imageprocessing/threshold.jpg>
Package pdftex.def Info: ./Images/imageprocessing/threshold.jpg used on input l
ine 93.
(pdftex.def)             Requested size: 130.08731pt x 97.56396pt.

<./Images/imageprocessing/filteredthreshold.jpg, id=116, 642.4pt x 481.8pt>
File: ./Images/imageprocessing/filteredthreshold.jpg Graphic file (type jpg)

<use ./Images/imageprocessing/filteredthreshold.jpg>
Package pdftex.def Info: ./Images/imageprocessing/filteredthreshold.jpg used on
 input line 99.
(pdftex.def)             Requested size: 130.08731pt x 97.56396pt.

<./Images/imageprocessing/contourimage.jpg, id=117, 642.4pt x 481.8pt>
File: ./Images/imageprocessing/contourimage.jpg Graphic file (type jpg)

<use ./Images/imageprocessing/contourimage.jpg>
Package pdftex.def Info: ./Images/imageprocessing/contourimage.jpg used on inpu
t line 105.
(pdftex.def)             Requested size: 130.08731pt x 97.56396pt.

Underfull \hbox (badness 4205) in paragraph at lines 106--106
[]\OT1/cmr/m/n/9 (d) |Found con-tours of blue
 []

<./Images/imageprocessing/final.jpg, id=118, 642.4pt x 481.8pt>
File: ./Images/imageprocessing/final.jpg Graphic file (type jpg)

<use ./Images/imageprocessing/final.jpg>
Package pdftex.def Info: ./Images/imageprocessing/final.jpg used on input line 
111.
(pdftex.def)             Requested size: 130.08731pt x 97.56396pt.

Underfull \hbox (badness 2134) in paragraph at lines 112--112
[]\OT1/cmr/m/n/9 (e) |Min-i-mum en-clos-ing cir-cle
 []

[22] [23 <C:/Users/Alaina/Documents/Thesis/Images/imageprocessing/origional.jpg
> <C:/Users/Alaina/Documents/Thesis/Images/imageprocessing/threshold.jpg> <C:/U
sers/Alaina/Documents/Thesis/Images/imageprocessing/filteredthreshold.jpg> <C:/
Users/Alaina/Documents/Thesis/Images/imageprocessing/contourimage.jpg> <C:/User
s/Alaina/Documents/Thesis/Images/imageprocessing/final.jpg>]
<./Images/imageprocessing/shapesall.png, id=125, 440.64626pt x 468.75125pt>
File: ./Images/imageprocessing/shapesall.png Graphic file (type png)

<use ./Images/imageprocessing/shapesall.png>
Package pdftex.def Info: ./Images/imageprocessing/shapesall.png used on input l
ine 138.
(pdftex.def)             Requested size: 216.81pt x 230.63425pt.
 [24]) [25 <C:/Users/Alaina/Documents/Thesis/Images/imageprocessing/shapesall.p
ng>]
(C:\Users\Alaina\Documents\Thesis\Chapters\IMP.tex
Chapter 6.
[26



] [27] <./Images/IMP/camera.jpg, id=139, 476.53032pt x 271.0125pt>
File: ./Images/IMP/camera.jpg Graphic file (type jpg)

<use ./Images/IMP/camera.jpg>
Package pdftex.def Info: ./Images/IMP/camera.jpg used on input line 19.
(pdftex.def)             Requested size: 216.81pt x 123.30673pt.

<./Images/IMP/testArea.jpg, id=140, 1284.8pt x 722.7pt>
File: ./Images/IMP/testArea.jpg Graphic file (type jpg)

<use ./Images/IMP/testArea.jpg>
Package pdftex.def Info: ./Images/IMP/testArea.jpg used on input line 29.
(pdftex.def)             Requested size: 195.12767pt x 109.7567pt.

<./Images/IMP/newcodepoints.png, id=141, 1277.77374pt x 660.4675pt>
File: ./Images/IMP/newcodepoints.png Graphic file (type png)

<use ./Images/IMP/newcodepoints.png>
Package pdftex.def Info: ./Images/IMP/newcodepoints.png used on input line 35.
(pdftex.def)             Requested size: 195.12767pt x 100.85971pt.


LaTeX Warning: `h' float specifier changed to `ht'.

[28 <C:/Users/Alaina/Documents/Thesis/Images/IMP/camera.jpg>]
<./Images/IMP/path.png, id=145, 1241.63875pt x 661.47125pt>
File: ./Images/IMP/path.png Graphic file (type png)

<use ./Images/IMP/path.png>
Package pdftex.def Info: ./Images/IMP/path.png used on input line 51.
(pdftex.def)             Requested size: 216.81pt x 115.49678pt.
) [29 <C:/Users/Alaina/Documents/Thesis/Images/IMP/testArea.jpg> <C:/Users/Alai
na/Documents/Thesis/Images/IMP/newcodepoints.png> <C:/Users/Alaina/Documents/Th
esis/Images/IMP/path.png>]
(C:\Users\Alaina\Documents\Thesis\Chapters\pathplanning.tex
Chapter 7.
[30



]) [31] (C:\Users\Alaina\Documents\Thesis\Chapters\modeling.tex
Chapter 8.
<./Images/modeling/matlabarm.jpg, id=156, 395.22656pt x 301.8778pt>
File: ./Images/modeling/matlabarm.jpg Graphic file (type jpg)

<use ./Images/modeling/matlabarm.jpg>
Package pdftex.def Info: ./Images/modeling/matlabarm.jpg used on input line 6.
(pdftex.def)             Requested size: 216.81pt x 165.60031pt.
 [32



 <C:/Users/Alaina/Documents/Thesis/Images/modeling/matlabarm.jpg>]
<./Images/modeling/pathmatlab.jpg, id=160, 210.03468pt x 142.28156pt>
File: ./Images/modeling/pathmatlab.jpg Graphic file (type jpg)

<use ./Images/modeling/pathmatlab.jpg>
Package pdftex.def Info: ./Images/modeling/pathmatlab.jpg used on input line 17
.
(pdftex.def)             Requested size: 216.81pt x 146.87294pt.
 [33 <C:/Users/Alaina/Documents/Thesis/Images/modeling/pathmatlab.jpg>]
<./Images/modeling/pathplan.jpg, id=164, 228.855pt x 152.06813pt>
File: ./Images/modeling/pathplan.jpg Graphic file (type jpg)

<use ./Images/modeling/pathplan.jpg>
Package pdftex.def Info: ./Images/modeling/pathplan.jpg used on input line 28.
(pdftex.def)             Requested size: 216.81pt x 144.06943pt.
) [34 <C:/Users/Alaina/Documents/Thesis/Images/modeling/pathplan.jpg>]
(C:\Users\Alaina\Documents\Thesis\Chapters\results.tex
Chapter 9.
[35



] [36] <./Images/results/1.jpg, id=174, 180.675pt x 151.3153pt>
File: ./Images/results/1.jpg Graphic file (type jpg)

<use ./Images/results/1.jpg>
Package pdftex.def Info: ./Images/results/1.jpg used on input line 24.
(pdftex.def)             Requested size: 108.405pt x 90.78987pt.

<./Images/results/2.jpg, id=175, 180.675pt x 152.82094pt>
File: ./Images/results/2.jpg Graphic file (type jpg)

<use ./Images/results/2.jpg>
Package pdftex.def Info: ./Images/results/2.jpg used on input line 29.
(pdftex.def)             Requested size: 108.405pt x 91.69325pt.

<./Images/results/3.jpg, id=176, 183.68625pt x 159.59625pt>
File: ./Images/results/3.jpg Graphic file (type jpg)

<use ./Images/results/3.jpg>
Package pdftex.def Info: ./Images/results/3.jpg used on input line 34.
(pdftex.def)             Requested size: 108.405pt x 94.19017pt.

<./Images/results/4.jpg, id=177, 180.675pt x 145.29282pt>
File: ./Images/results/4.jpg Graphic file (type jpg)

<use ./Images/results/4.jpg>
Package pdftex.def Info: ./Images/results/4.jpg used on input line 39.
(pdftex.def)             Requested size: 108.405pt x 87.17635pt.

<./Images/results/5.jpg, id=178, 182.18062pt x 145.29282pt>
File: ./Images/results/5.jpg Graphic file (type jpg)

<use ./Images/results/5.jpg>
Package pdftex.def Info: ./Images/results/5.jpg used on input line 44.
(pdftex.def)             Requested size: 108.405pt x 86.45361pt.

<./Images/results/6.jpg, id=179, 182.93344pt x 153.57375pt>
File: ./Images/results/6.jpg Graphic file (type jpg)

<use ./Images/results/6.jpg>
Package pdftex.def Info: ./Images/results/6.jpg used on input line 49.
(pdftex.def)             Requested size: 108.405pt x 91.00609pt.

<./Images/results/7.jpg, id=180, 182.93344pt x 148.30406pt>
File: ./Images/results/7.jpg Graphic file (type jpg)

<use ./Images/results/7.jpg>
Package pdftex.def Info: ./Images/results/7.jpg used on input line 54.
(pdftex.def)             Requested size: 108.405pt x 87.88332pt.

<./Images/results/8.jpg, id=181, 180.675pt x 150.5625pt>
File: ./Images/results/8.jpg Graphic file (type jpg)

<use ./Images/results/8.jpg>
Package pdftex.def Info: ./Images/results/8.jpg used on input line 59.
(pdftex.def)             Requested size: 108.405pt x 90.33818pt.

<./Images/results/9.jpg, id=182, 181.42781pt x 139.27031pt>
File: ./Images/results/9.jpg Graphic file (type jpg)

<use ./Images/results/9.jpg>
Package pdftex.def Info: ./Images/results/9.jpg used on input line 64.
(pdftex.def)             Requested size: 108.405pt x 83.21643pt.

<./Images/results/10.jpg, id=183, 181.42781pt x 143.78719pt>
File: ./Images/results/10.jpg Graphic file (type jpg)

<use ./Images/results/10.jpg>
Package pdftex.def Info: ./Images/results/10.jpg used on input line 69.
(pdftex.def)             Requested size: 108.405pt x 85.91534pt.

<./Images/results/11.jpg, id=184, 184.43906pt x 156.585pt>
File: ./Images/results/11.jpg Graphic file (type jpg)

<use ./Images/results/11.jpg>
Package pdftex.def Info: ./Images/results/11.jpg used on input line 74.
(pdftex.def)             Requested size: 108.405pt x 92.03311pt.
) [37] [38 <C:/Users/Alaina/Documents/Thesis/Images/results/1.jpg> <C:/Users/Al
aina/Documents/Thesis/Images/results/2.jpg> <C:/Users/Alaina/Documents/Thesis/I
mages/results/3.jpg> <C:/Users/Alaina/Documents/Thesis/Images/results/4.jpg> <C
:/Users/Alaina/Documents/Thesis/Images/results/5.jpg> <C:/Users/Alaina/Document
s/Thesis/Images/results/6.jpg> <C:/Users/Alaina/Documents/Thesis/Images/results
/7.jpg> <C:/Users/Alaina/Documents/Thesis/Images/results/8.jpg> <C:/Users/Alain
a/Documents/Thesis/Images/results/9.jpg> <C:/Users/Alaina/Documents/Thesis/Imag
es/results/10.jpg> <C:/Users/Alaina/Documents/Thesis/Images/results/11.jpg>]
(C:\Users\Alaina\Documents\Thesis\Chapters\conclusion.tex
Chapter 10.
[39



]) [40]
No file mainfile.bbl.
(C:\Users\Alaina\Documents\Thesis\Chapters\appendix.tex
Appendix A.
("C:\Program Files\MiKTeX 2.9\tex\latex\listings\lstlang1.sty"
File: lstlang1.sty 2014/09/06 1.5e listings language file
)
("C:\Program Files\MiKTeX 2.9\tex\latex\listings\lstlang1.sty"
File: lstlang1.sty 2014/09/06 1.5e listings language file
)
("C:\Program Files\MiKTeX 2.9\tex\latex\listings\lstmisc.sty"
File: lstmisc.sty 2014/09/06 1.5e (Carsten Heinz)
)
(C:\Users\Alaina\Documents\Thesis\Code\camera1.cpp
LaTeX Font Info:    Try loading font information for OMS+cmr on input line 1.

("C:\Program Files\MiKTeX 2.9\tex\latex\base\omscmr.fd"
File: omscmr.fd 1999/05/25 v2.5h Standard LaTeX font definitions
)
LaTeX Font Info:    Font shape `OMS/cmr/m/n' in size <7> not available
(Font)              Font shape `OMS/cmsy/m/n' tried instead on input line 1.
 [41



] [42]
LaTeX Font Info:    Try loading font information for OML+cmr on input line 90.

("C:\Program Files\MiKTeX 2.9\tex\latex\base\omlcmr.fd"
File: omlcmr.fd 1999/05/25 v2.5h Standard LaTeX font definitions
)
LaTeX Font Info:    Font shape `OML/cmr/m/it' in size <7> not available
(Font)              Font shape `OML/cmm/m/it' tried instead on input line 90.
LaTeX Font Info:    Font shape `OML/cmr/m/n' in size <7> not available
(Font)              Font shape `OML/cmm/m/it' tried instead on input line 91.
 [43])
(C:\Users\Alaina\Documents\Thesis\Code\camera2.cpp [44] [45] [46] [47])
[48]
Appendix B.
("C:\Program Files\MiKTeX 2.9\tex\latex\listings\lstlang1.sty"
File: lstlang1.sty 2014/09/06 1.5e listings language file
)
(C:\Users\Alaina\Documents\Thesis\code\armTrackingMaster.py [49

] [50] [51]
[52] [53] [54]) (C:\Users\Alaina\Documents\Thesis\code\comms.py [55] [56])
(C:\Users\Alaina\Documents\Thesis\code\communication.py [57])
(C:\Users\Alaina\Documents\Thesis\code\PathPlanner.py [58] [59] [60])
(C:\Users\Alaina\Documents\Thesis\code\arm.py [61] [62] [63] [64]) [65]
Appendix C.
(C:\Users\Alaina\Documents\Thesis\code\arm_main.c [66

] [67]) [68]
(C:\Users\Alaina\Documents\Thesis\code\arm.c
LaTeX Font Info:    Font shape `OMS/cmr/m/it' in size <7> not available
(Font)              Font shape `OMS/cmsy/m/n' tried instead on input line 9.
 [69] [70])) [71]
(C:\Users\Alaina\Documents\Thesis\Chapters\bibliography.tex
Underfull \hbox (badness 10000) in paragraph at lines 8--10
[]\OT1/cmr/m/n/10 PCL doc-u-men-taion. Re-trieved from
 []


Underfull \hbox (badness 10000) in paragraph at lines 12--14
[]\OT1/cmr/m/n/10 DepthsenseSDK doc-u-men-taion. Re-trieved from
 []


Underfull \hbox (badness 10000) in paragraph at lines 25--30
$\OT1/cmtt/m/n/10 profile / Mohamed _ Abdellatif3 / publication / 248390823 _ E
ffect _ of _$
 []


Underfull \hbox (badness 10000) in paragraph at lines 25--30
$\OT1/cmtt/m/n/10 Color _ Pre-Processing _ on _ Color-Based _ Object _ Detectio
n / links /$
 []


Underfull \hbox (badness 10000) in paragraph at lines 32--37
\OT1/cmr/m/it/10 Recog-ni-tion Based on Im-age
 []

Missing character: There is no Ã in font cmr10!
Missing character: There is no ­ in font cmr10!
Missing character: There is no Ã in font cmr10!
Missing character: There is no ¡ in font cmr10!
) [72



] (C:\Users\Alaina\Documents\Thesis\mainfile.aux
(C:\Users\Alaina\Documents\Thesis\Roman\publications.aux)
(C:\Users\Alaina\Documents\Thesis\Roman\acknowledgements.aux)
(C:\Users\Alaina\Documents\Thesis\abstract.aux)
(C:\Users\Alaina\Documents\Thesis\Chapters\introduction.aux)
(C:\Users\Alaina\Documents\Thesis\Chapters\survey.aux)
(C:\Users\Alaina\Documents\Thesis\Chapters\kinematics.aux)
(C:\Users\Alaina\Documents\Thesis\Chapters\hardware.aux)
(C:\Users\Alaina\Documents\Thesis\Chapters\imageprocessing.aux)
(C:\Users\Alaina\Documents\Thesis\Chapters\IMP.aux)
(C:\Users\Alaina\Documents\Thesis\Chapters\pathplanning.aux)
(C:\Users\Alaina\Documents\Thesis\Chapters\modeling.aux)
(C:\Users\Alaina\Documents\Thesis\Chapters\results.aux)
(C:\Users\Alaina\Documents\Thesis\Chapters\conclusion.aux)
(C:\Users\Alaina\Documents\Thesis\Chapters\appendix.aux)
(C:\Users\Alaina\Documents\Thesis\Chapters\bibliography.aux))

LaTeX Warning: There were multiply-defined labels.

 ) 
Here is how much of TeX's memory you used:
 6966 strings out of 493921
 104304 string characters out of 3147279
 318335 words of memory out of 3000000
 9943 multiletter control sequences out of 15000+200000
 21242 words of font info for 78 fonts, out of 3000000 for 9000
 841 hyphenation exceptions out of 8191
 38i,9n,63p,1434b,1639s stack positions out of 5000i,500n,10000p,200000b,50000s
<C:/Program Files/MiKTeX 2.9/fonts/type1/public/amsfonts/cm/cmbx10.pfb><C:/Pr
ogram Files/MiKTeX 2.9/fonts/type1/public/amsfonts/cm/cmbx12.pfb><C:/Program Fi
les/MiKTeX 2.9/fonts/type1/public/amsfonts/cm/cmbx7.pfb><C:/Program Files/MiKTe
X 2.9/fonts/type1/public/amsfonts/cm/cmex10.pfb><C:/Program Files/MiKTeX 2.9/fo
nts/type1/public/amsfonts/cm/cmmi10.pfb><C:/Program Files/MiKTeX 2.9/fonts/type
1/public/amsfonts/cm/cmmi5.pfb><C:/Program Files/MiKTeX 2.9/fonts/type1/public/
amsfonts/cm/cmmi7.pfb><C:/Program Files/MiKTeX 2.9/fonts/type1/public/amsfonts/
cm/cmr10.pfb><C:/Program Files/MiKTeX 2.9/fonts/type1/public/amsfonts/cm/cmr12.
pfb><C:/Program Files/MiKTeX 2.9/fonts/type1/public/amsfonts/cm/cmr17.pfb><C:/P
rogram Files/MiKTeX 2.9/fonts/type1/public/amsfonts/cm/cmr5.pfb><C:/Program Fil
es/MiKTeX 2.9/fonts/type1/public/amsfonts/cm/cmr7.pfb><C:/Program Files/MiKTeX 
2.9/fonts/type1/public/amsfonts/cm/cmr9.pfb><C:/Program Files/MiKTeX 2.9/fonts/
type1/public/amsfonts/cm/cmsy10.pfb><C:/Program Files/MiKTeX 2.9/fonts/type1/pu
blic/amsfonts/cm/cmsy7.pfb><C:/Program Files/MiKTeX 2.9/fonts/type1/public/amsf
onts/cm/cmti10.pfb><C:/Program Files/MiKTeX 2.9/fonts/type1/public/amsfonts/cm/
cmti7.pfb><C:/Program Files/MiKTeX 2.9/fonts/type1/public/amsfonts/cm/cmtt10.pf
b>
Output written on mainfile.pdf (78 pages, 3307611 bytes).
PDF statistics:
 362 PDF objects out of 1000 (max. 8388607)
 0 named destinations out of 1000 (max. 500000)
 176 words of extra memory for PDF output out of 10000 (max. 10000000)

