This is pdfTeX, Version 3.1415926-2.5-1.40.14 (MiKTeX 2.9 64-bit) (preloaded format=pdflatex 2015.2.10)  2 MAY 2015 22:15
entering extended mode
**thesis.tex
(C:\Users\Alaina\Documents\Thesis\thesis.tex
LaTeX2e <2011/06/27>
Babel <v3.8m> and hyphenation patterns for english, afrikaans, ancientgreek, ar
abic, armenian, assamese, basque, bengali, bokmal, bulgarian, catalan, coptic, 
croatian, czech, danish, dutch, esperanto, estonian, farsi, finnish, french, ga
lician, german, german-x-2013-05-26, greek, gujarati, hindi, hungarian, iceland
ic, indonesian, interlingua, irish, italian, kannada, kurmanji, latin, latvian,
 lithuanian, malayalam, marathi, mongolian, mongolianlmc, monogreek, ngerman, n
german-x-2013-05-26, nynorsk, oriya, panjabi, pinyin, polish, portuguese, roman
ian, russian, sanskrit, serbian, slovak, slovenian, spanish, swedish, swissgerm
an, tamil, telugu, turkish, turkmen, ukenglish, ukrainian, uppersorbian, usengl
ishmax, welsh, loaded.
("C:\Program Files\MiKTeX 2.9\tex\latex\base\report.cls"
Document Class: report 2007/10/19 v1.4h Standard LaTeX document class
("C:\Program Files\MiKTeX 2.9\tex\latex\base\size12.clo"
File: size12.clo 2007/10/19 v1.4h Standard LaTeX file (size option)
)
\c@part=\count79
\c@chapter=\count80
\c@section=\count81
\c@subsection=\count82
\c@subsubsection=\count83
\c@paragraph=\count84
\c@subparagraph=\count85
\c@figure=\count86
\c@table=\count87
\abovecaptionskip=\skip41
\belowcaptionskip=\skip42
\bibindent=\dimen102
)
("C:\Program Files\MiKTeX 2.9\tex\latex\pstricks\pstricks.sty"
Package: pstricks 2013/12/12 v0.60 LaTeX wrapper for `PSTricks' (RN,HV)

("C:\Program Files\MiKTeX 2.9\tex\generic\oberdiek\ifpdf.sty"
Package: ifpdf 2011/01/30 v2.3 Provides the ifpdf switch (HO)
Package ifpdf Info: pdfTeX in PDF mode is detected.
)
("C:\Program Files\MiKTeX 2.9\tex\generic\pstricks\base\pstricks.tex"
("C:\Program Files\MiKTeX 2.9\tex\generic\xkeyval\pst-xkey.tex"
File: pst-xkey.tex 2005/11/25 v1.6 PSTricks specialization of xkeyval (HA)

("C:\Program Files\MiKTeX 2.9\tex\latex\xkeyval\xkeyval.sty"
Package: xkeyval 2012/10/14 v2.6b package option processing (HA)

("C:\Program Files\MiKTeX 2.9\tex\generic\xkeyval\xkeyval.tex"
\XKV@toks=\toks14
\XKV@tempa@toks=\toks15
\XKV@depth=\count88
File: xkeyval.tex 2012/10/14 v2.6b key=value parser (HA)

("C:\Program Files\MiKTeX 2.9\tex\generic\xkeyval\keyval.tex"))))
("C:\Program Files\MiKTeX 2.9\tex\generic\pstricks\base\pst-fp.tex"
`pst-fp' v0.05, 2010/01/17 (hv)
\pstFP@xs=\count89
\pstFP@xia=\count90
\pstFP@xib=\count91
\pstFP@xfa=\count92
\pstFP@xfb=\count93
\pstFP@rega=\count94
\pstFP@regb=\count95
\pstFP@regs=\count96
\pstFP@times=\count97
)
("C:\Program Files\MiKTeX 2.9\tex\generic\pgf\utilities\pgfutil-common.tex"
\pgfutil@everybye=\toks16
\pgfutil@tempdima=\dimen103
\pgfutil@tempdimb=\dimen104

("C:\Program Files\MiKTeX 2.9\tex\generic\pgf\utilities\pgfutil-common-lists.te
x")) ("C:\Program Files\MiKTeX 2.9\tex\generic\pgf\utilities\pgfkeys.code.tex"
\pgfkeys@pathtoks=\toks17
\pgfkeys@temptoks=\toks18

("C:\Program Files\MiKTeX 2.9\tex\generic\pgf\utilities\pgfkeysfiltered.code.te
x"
\pgfkeys@tmptoks=\toks19
)) ("C:\Program Files\MiKTeX 2.9\tex\generic\pgf\utilities\pgffor.code.tex"
("C:\Program Files\MiKTeX 2.9\tex\generic\pgf\math\pgfmath.code.tex"
("C:\Program Files\MiKTeX 2.9\tex\generic\pgf\math\pgfmathcalc.code.tex"
("C:\Program Files\MiKTeX 2.9\tex\generic\pgf\math\pgfmathutil.code.tex"
\pgf@x=\dimen105
\pgf@xa=\dimen106
\pgf@xb=\dimen107
\pgf@xc=\dimen108
\pgf@y=\dimen109
\pgf@ya=\dimen110
\pgf@yb=\dimen111
\pgf@yc=\dimen112
\c@pgf@counta=\count98
\c@pgf@countb=\count99
\c@pgf@countc=\count100
\c@pgf@countd=\count101
\pgfutil@tempcnta=\count102
\pgfutil@tempcntb=\count103
)
("C:\Program Files\MiKTeX 2.9\tex\generic\pgf\math\pgfmathparser.code.tex"
\pgfmath@dimen=\dimen113
\pgfmath@count=\count104
\pgfmath@box=\box26
\pgfmath@toks=\toks20
\pgfmath@stack@operand=\toks21
\pgfmath@stack@operation=\toks22
)
("C:\Program Files\MiKTeX 2.9\tex\generic\pgf\math\pgfmathfunctions.code.tex"
("C:\Program Files\MiKTeX 2.9\tex\generic\pgf\math\pgfmathfunctions.basic.code.
tex")
("C:\Program Files\MiKTeX 2.9\tex\generic\pgf\math\pgfmathfunctions.trigonometr
ic.code.tex")
("C:\Program Files\MiKTeX 2.9\tex\generic\pgf\math\pgfmathfunctions.random.code
.tex")
("C:\Program Files\MiKTeX 2.9\tex\generic\pgf\math\pgfmathfunctions.comparison.
code.tex")
("C:\Program Files\MiKTeX 2.9\tex\generic\pgf\math\pgfmathfunctions.base.code.t
ex")
("C:\Program Files\MiKTeX 2.9\tex\generic\pgf\math\pgfmathfunctions.round.code.
tex")
("C:\Program Files\MiKTeX 2.9\tex\generic\pgf\math\pgfmathfunctions.misc.code.t
ex")
("C:\Program Files\MiKTeX 2.9\tex\generic\pgf\math\pgfmathfunctions.integerarit
hmetics.code.tex")))
("C:\Program Files\MiKTeX 2.9\tex\generic\pgf\math\pgfmathfloat.code.tex"
\c@pgfmathroundto@lastzeros=\count105
))
\pgffor@iter=\dimen114
\pgffor@skip=\dimen115
\pgffor@stack=\toks23
\pgffor@toks=\toks24
)
\psLoopIndex=\count106

`PSTricks' v2.50  <2014/01/16> (tvz)
\pst@dima=\dimen116
\pst@dimb=\dimen117
\pst@dimc=\dimen118
\pst@dimd=\dimen119
\pst@dimg=\dimen120
\pst@dimh=\dimen121
\pst@dimm=\dimen122
\pst@dimn=\dimen123
\pst@dimo=\dimen124
\pst@dimp=\dimen125
\pst@hbox=\box27
\pst@ibox=\box28
\pst@boxg=\box29
\pst@cnta=\count107
\pst@cntb=\count108
\pst@cntc=\count109
\pst@cntd=\count110
\pst@cntg=\count111
\pst@cnth=\count112
\pst@cntm=\count113
\pst@cntn=\count114
\pst@cnto=\count115
\pst@cntp=\count116
\@zero=\count117
\pst@toks=\toks25
("C:\Program Files\MiKTeX 2.9\tex\generic\pstricks\base\pstricks.con")
\psunit=\dimen126
\psxunit=\dimen127
\psyunit=\dimen128
\pst@C@@rType=\count118
\pslinewidth=\dimen129
\psk@startLW=\dimen130
\psk@endLW=\dimen131
\pst@customdefs=\toks26
\pslinearc=\dimen132
\pst@symbolStep=\dimen133
\pst@symbolWidth=\dimen134
\pst@symbolLinewidth=\dimen135
\everypsbox=\toks27
\psframesep=\dimen136
\pslabelsep=\dimen137
\sh@wgridXunit=\dimen138
\sh@wgridYunit=\dimen139
\pst@shift=\dimen140
)
File: pstricks.tex 2014/01/16 v2.50 `PSTricks' (tvz,hv)

("C:\Program Files\MiKTeX 2.9\tex\generic\pstricks\base\pst-fp.tex")
File: pst-fp.tex 2014/01/16 v2.50 `PST-fp' (hv)

("C:\Program Files\MiKTeX 2.9\tex\latex\xcolor\xcolor.sty"
Package: xcolor 2007/01/21 v2.11 LaTeX color extensions (UK)

("C:\Program Files\MiKTeX 2.9\tex\latex\00miktex\color.cfg"
File: color.cfg 2007/01/18 v1.5 color configuration of teTeX/TeXLive
)
Package xcolor Info: Driver file: pdftex.def on input line 225.

("C:\Program Files\MiKTeX 2.9\tex\latex\pdftex-def\pdftex.def"
File: pdftex.def 2011/05/27 v0.06d Graphics/color for pdfTeX

("C:\Program Files\MiKTeX 2.9\tex\generic\oberdiek\infwarerr.sty"
Package: infwarerr 2010/04/08 v1.3 Providing info/warning/error messages (HO)
)
("C:\Program Files\MiKTeX 2.9\tex\generic\oberdiek\ltxcmds.sty"
Package: ltxcmds 2011/11/09 v1.22 LaTeX kernel commands for general use (HO)
)
\Gread@gobject=\count119
)
Package xcolor Info: Model `cmy' substituted by `cmy0' on input line 1337.
Package xcolor Info: Model `hsb' substituted by `rgb' on input line 1341.
Package xcolor Info: Model `RGB' extended on input line 1353.
Package xcolor Info: Model `HTML' substituted by `rgb' on input line 1355.
Package xcolor Info: Model `Hsb' substituted by `hsb' on input line 1356.
Package xcolor Info: Model `tHsb' substituted by `hsb' on input line 1357.
Package xcolor Info: Model `HSB' substituted by `hsb' on input line 1358.
Package xcolor Info: Model `Gray' substituted by `gray' on input line 1359.
Package xcolor Info: Model `wave' substituted by `hsb' on input line 1360.
))
("C:\Program Files\MiKTeX 2.9\tex\latex\amsmath\amsmath.sty"
Package: amsmath 2013/01/14 v2.14 AMS math features
\@mathmargin=\skip43

For additional information on amsmath, use the `?' option.
("C:\Program Files\MiKTeX 2.9\tex\latex\amsmath\amstext.sty"
Package: amstext 2000/06/29 v2.01

("C:\Program Files\MiKTeX 2.9\tex\latex\amsmath\amsgen.sty"
File: amsgen.sty 1999/11/30 v2.0
\@emptytoks=\toks28
\ex@=\dimen141
))
("C:\Program Files\MiKTeX 2.9\tex\latex\amsmath\amsbsy.sty"
Package: amsbsy 1999/11/29 v1.2d
\pmbraise@=\dimen142
)
("C:\Program Files\MiKTeX 2.9\tex\latex\amsmath\amsopn.sty"
Package: amsopn 1999/12/14 v2.01 operator names
)
\inf@bad=\count120
LaTeX Info: Redefining \frac on input line 210.
\uproot@=\count121
\leftroot@=\count122
LaTeX Info: Redefining \overline on input line 306.
\classnum@=\count123
\DOTSCASE@=\count124
LaTeX Info: Redefining \ldots on input line 378.
LaTeX Info: Redefining \dots on input line 381.
LaTeX Info: Redefining \cdots on input line 466.
\Mathstrutbox@=\box30
\strutbox@=\box31
\big@size=\dimen143
LaTeX Font Info:    Redeclaring font encoding OML on input line 566.
LaTeX Font Info:    Redeclaring font encoding OMS on input line 567.
\macc@depth=\count125
\c@MaxMatrixCols=\count126
\dotsspace@=\muskip10
\c@parentequation=\count127
\dspbrk@lvl=\count128
\tag@help=\toks29
\row@=\count129
\column@=\count130
\maxfields@=\count131
\andhelp@=\toks30
\eqnshift@=\dimen144
\alignsep@=\dimen145
\tagshift@=\dimen146
\tagwidth@=\dimen147
\totwidth@=\dimen148
\lineht@=\dimen149
\@envbody=\toks31
\multlinegap=\skip44
\multlinetaggap=\skip45
\mathdisplay@stack=\toks32
LaTeX Info: Redefining \[ on input line 2665.
LaTeX Info: Redefining \] on input line 2666.
)
("C:\Program Files\MiKTeX 2.9\tex\latex\wrapfig\wrapfig.sty"
\wrapoverhang=\dimen150
\WF@size=\dimen151
\c@WF@wrappedlines=\count132
\WF@box=\box32
\WF@everypar=\toks33
Package: wrapfig 2003/01/31  v 3.6
)
("C:\Program Files\MiKTeX 2.9\tex\latex\graphics\graphicx.sty"
Package: graphicx 1999/02/16 v1.0f Enhanced LaTeX Graphics (DPC,SPQR)

("C:\Program Files\MiKTeX 2.9\tex\latex\graphics\graphics.sty"
Package: graphics 2009/02/05 v1.0o Standard LaTeX Graphics (DPC,SPQR)

("C:\Program Files\MiKTeX 2.9\tex\latex\graphics\trig.sty"
Package: trig 1999/03/16 v1.09 sin cos tan (DPC)
)
("C:\Program Files\MiKTeX 2.9\tex\latex\00miktex\graphics.cfg"
File: graphics.cfg 2007/01/18 v1.5 graphics configuration of teTeX/TeXLive
)
Package graphics Info: Driver file: pdftex.def on input line 91.
)
\Gin@req@height=\dimen152
\Gin@req@width=\dimen153
)
("C:\Program Files\MiKTeX 2.9\tex\latex\algorithm2e\algorithm2e.sty"
Package: algorithm2e 2013/01/06 v5.00 algorithms environments
\c@AlgoLine=\count133

("C:\Program Files\MiKTeX 2.9\tex\latex\base\ifthen.sty"
Package: ifthen 2001/05/26 v1.1c Standard LaTeX ifthen package (DPC)
)
("C:\Program Files\MiKTeX 2.9\tex\latex\tools\xspace.sty"
Package: xspace 2009/10/20 v1.13 Space after command names (DPC,MH)
)
("C:\Program Files\MiKTeX 2.9\tex\latex\ltxmisc\relsize.sty"
Package: relsize 2003/07/04 ver 3.1
)
********************************************************
Package `algorithm2e' Release 5.0 -- january 06 2013 --
- algorithm2e-announce@lirmm.fr mailing list for announcement about releases
- algorithm2e-discussion@lirmm.fr mailing list for discussion about package
subscribe by emailing sympa@lirmm.fr with 'subscribe <list> <firstname name>'
- Author: Christophe Fiorio (cfiorio@um2.fr)
********************************************************
\skiptotal=\skip46
\skiplinenumber=\skip47
\skiprule=\skip48
\skiphlne=\skip49
\skiptext=\skip50
\skiplength=\skip51
\algomargin=\skip52
\skipalgocfslide=\skip53
\algowidth=\dimen154
\inoutsize=\dimen155
\inoutindent=\dimen156
\interspacetitleruled=\dimen157
\interspacealgoruled=\dimen158
\interspacetitleboxruled=\dimen159
\algocf@inoutbox=\box33
\algocf@inputbox=\box34
\AlCapSkip=\skip54
\AlCapHSkip=\skip55
\algoskipindent=\skip56
\algocf@nlbox=\box35
\algocf@hangingbox=\box36
\algocf@untilbox=\box37
\algocf@skipuntil=\skip57
\algocf@capbox=\box38
\algoheightruledefault=\skip58
\algoheightrule=\skip59
\algotitleheightruledefault=\skip60
\algotitleheightrule=\skip61
\c@algocfline=\count134
\c@algocfproc=\count135
\c@algocf=\count136
\algocf@algoframe=\box39
\algocf@algobox=\box40
) ("C:\Program Files\MiKTeX 2.9\tex\latex\listings\listings.sty"
\lst@mode=\count137
\lst@gtempboxa=\box41
\lst@token=\toks34
\lst@length=\count138
\lst@currlwidth=\dimen160
\lst@column=\count139
\lst@pos=\count140
\lst@lostspace=\dimen161
\lst@width=\dimen162
\lst@newlines=\count141
\lst@lineno=\count142
\lst@maxwidth=\dimen163

("C:\Program Files\MiKTeX 2.9\tex\latex\listings\lstmisc.sty"
File: lstmisc.sty 2014/09/06 1.5e (Carsten Heinz)
\c@lstnumber=\count143
\lst@skipnumbers=\count144
\lst@framebox=\box42
)
("C:\Program Files\MiKTeX 2.9\tex\latex\listings\listings.cfg"
File: listings.cfg 2014/09/06 1.5e listings configuration
))
Package: listings 2014/09/06 1.5e (Carsten Heinz)

("C:\Program Files\MiKTeX 2.9\tex\latex\placeins\placeins.sty"
Package: placeins 2005/04/18  v 2.2
)
("C:\Program Files\MiKTeX 2.9\tex\latex\setspace\setspace.sty"
Package: setspace 2011/12/19 v6.7a set line spacing
)
(C:\Users\Alaina\Documents\Thesis\thesis.aux)
LaTeX Font Info:    Checking defaults for OML/cmm/m/it on input line 11.
LaTeX Font Info:    ... okay on input line 11.
LaTeX Font Info:    Checking defaults for T1/cmr/m/n on input line 11.
LaTeX Font Info:    ... okay on input line 11.
LaTeX Font Info:    Checking defaults for OT1/cmr/m/n on input line 11.
LaTeX Font Info:    ... okay on input line 11.
LaTeX Font Info:    Checking defaults for OMS/cmsy/m/n on input line 11.
LaTeX Font Info:    ... okay on input line 11.
LaTeX Font Info:    Checking defaults for OMX/cmex/m/n on input line 11.
LaTeX Font Info:    ... okay on input line 11.
LaTeX Font Info:    Checking defaults for U/cmr/m/n on input line 11.
LaTeX Font Info:    ... okay on input line 11.

("C:\Program Files\MiKTeX 2.9\tex\context\base\supp-pdf.mkii"
[Loading MPS to PDF converter (version 2006.09.02).]
\scratchcounter=\count145
\scratchdimen=\dimen164
\scratchbox=\box43
\nofMPsegments=\count146
\nofMParguments=\count147
\everyMPshowfont=\toks35
\MPscratchCnt=\count148
\MPscratchDim=\dimen165
\MPnumerator=\count149
\makeMPintoPDFobject=\count150
\everyMPtoPDFconversion=\toks36
)
\c@lstlisting=\count151
 [1
Non-PDF special ignored!
Non-PDF special ignored!
Non-PDF special ignored!
Non-PDF special ignored!


Non-PDF special ignored!
Non-PDF special ignored!
Non-PDF special ignored!{C:/ProgramData/MiKTeX/2.9/pdftex/config/pdftex.map}]
(C:\Users\Alaina\Documents\Thesis\thesis.toc)
\tf@toc=\write3
 [1

]
Chapter 1.
[2

] [3] [4]
Chapter 2.
[5

] [6]
Chapter 3.
[7

] [8] [9] [10]
Chapter 4.
[11

] [12] [13]
Chapter 5.
[14

] [15] [16]
Chapter 6.
[17

] [18] (C:\Users\Alaina\Documents\Thesis\thesis.aux) ) 
Here is how much of TeX's memory you used:
 11364 strings out of 493921
 188607 string characters out of 3147279
 270742 words of memory out of 3000000
 14544 multiletter control sequences out of 15000+200000
 10539 words of font info for 38 fonts, out of 3000000 for 9000
 841 hyphenation exceptions out of 8191
 36i,6n,40p,1440b,219s stack positions out of 5000i,500n,10000p,200000b,50000s
<C:/Program Files/MiKTeX 
2.9/fonts/type1/public/amsfonts/cm/cmbx12.pfb><C:/Program Files/MiKTeX 2.9/font
s/type1/public/amsfonts/cm/cmex10.pfb><C:/Program Files/MiKTeX 2.9/fonts/type1/
public/amsfonts/cm/cmmi12.pfb><C:/Program Files/MiKTeX 2.9/fonts/type1/public/a
msfonts/cm/cmmi6.pfb><C:/Program Files/MiKTeX 2.9/fonts/type1/public/amsfonts/c
m/cmmi8.pfb><C:/Program Files/MiKTeX 2.9/fonts/type1/public/amsfonts/cm/cmr12.p
fb><C:/Program Files/MiKTeX 2.9/fonts/type1/public/amsfonts/cm/cmr17.pfb><C:/Pr
ogram Files/MiKTeX 2.9/fonts/type1/public/amsfonts/cm/cmr8.pfb><C:/Program File
s/MiKTeX 2.9/fonts/type1/public/amsfonts/cm/cmsy10.pfb><C:/Program Files/MiKTeX
 2.9/fonts/type1/public/amsfonts/cm/cmsy8.pfb>
Output written on thesis.pdf (19 pages, 152752 bytes).
PDF statistics:
 104 PDF objects out of 1000 (max. 8388607)
 0 named destinations out of 1000 (max. 500000)
 1 words of extra memory for PDF output out of 10000 (max. 10000000)

